[0.363s] Invoking command in '/root/ros2_ws/src/mypkg': PYTHONPATH=/root/ros2_ws/src/mypkg/install/mypkg/lib/python3.10/site-packages:${PYTHONPATH} /usr/bin/python3 setup.py egg_info --egg-base build/mypkg build --build-base /root/ros2_ws/src/mypkg/build/mypkg/build install --prefix /root/ros2_ws/src/mypkg/install/mypkg --record /root/ros2_ws/src/mypkg/build/mypkg/install.log --single-version-externally-managed
[0.487s] running egg_info
[0.488s] writing build/mypkg/mypkg.egg-info/PKG-INFO
[0.488s] writing dependency_links to build/mypkg/mypkg.egg-info/dependency_links.txt
[0.488s] writing entry points to build/mypkg/mypkg.egg-info/entry_points.txt
[0.488s] writing requirements to build/mypkg/mypkg.egg-info/requires.txt
[0.488s] writing top-level names to build/mypkg/mypkg.egg-info/top_level.txt
[0.489s] reading manifest file 'build/mypkg/mypkg.egg-info/SOURCES.txt'
[0.490s] writing manifest file 'build/mypkg/mypkg.egg-info/SOURCES.txt'
[0.490s] running build
[0.490s] running build_py
[0.490s] running install
[0.490s] /usr/lib/python3/dist-packages/setuptools/command/install.py:34: SetuptoolsDeprecationWarning: setup.py install is deprecated. Use build and pip and other standards-based tools.
[0.490s]   warnings.warn(
[0.491s] running install_lib
[0.491s] running install_data
[0.491s] running install_egg_info
[0.492s] removing '/root/ros2_ws/src/mypkg/install/mypkg/lib/python3.10/site-packages/mypkg-0.0.0-py3.10.egg-info' (and everything under it)
[0.492s] Copying build/mypkg/mypkg.egg-info to /root/ros2_ws/src/mypkg/install/mypkg/lib/python3.10/site-packages/mypkg-0.0.0-py3.10.egg-info
[0.493s] running install_scripts
[0.506s] Installing listener script to /root/ros2_ws/src/mypkg/install/mypkg/lib/mypkg
[0.506s] Installing talker script to /root/ros2_ws/src/mypkg/install/mypkg/lib/mypkg
[0.506s] writing list of installed files to '/root/ros2_ws/src/mypkg/build/mypkg/install.log'
[0.524s] Invoked command in '/root/ros2_ws/src/mypkg' returned '0': PYTHONPATH=/root/ros2_ws/src/mypkg/install/mypkg/lib/python3.10/site-packages:${PYTHONPATH} /usr/bin/python3 setup.py egg_info --egg-base build/mypkg build --build-base /root/ros2_ws/src/mypkg/build/mypkg/build install --prefix /root/ros2_ws/src/mypkg/install/mypkg --record /root/ros2_ws/src/mypkg/build/mypkg/install.log --single-version-externally-managed
