[0.545s] Invoking command in '/root/ros2_ws/src/mypkg': PYTHONPATH=/root/ros2_ws/src/mypkg/install/mypkg/lib/python3.10/site-packages:${PYTHONPATH} /usr/bin/python3 setup.py egg_info --egg-base build/mypkg build --build-base /root/ros2_ws/src/mypkg/build/mypkg/build install --prefix /root/ros2_ws/src/mypkg/install/mypkg --record /root/ros2_ws/src/mypkg/build/mypkg/install.log --single-version-externally-managed
[0.698s] running egg_info
[0.698s] creating build/mypkg/mypkg.egg-info
[0.699s] writing build/mypkg/mypkg.egg-info/PKG-INFO
[0.699s] writing dependency_links to build/mypkg/mypkg.egg-info/dependency_links.txt
[0.699s] writing entry points to build/mypkg/mypkg.egg-info/entry_points.txt
[0.699s] writing requirements to build/mypkg/mypkg.egg-info/requires.txt
[0.699s] writing top-level names to build/mypkg/mypkg.egg-info/top_level.txt
[0.699s] writing manifest file 'build/mypkg/mypkg.egg-info/SOURCES.txt'
[0.701s] reading manifest file 'build/mypkg/mypkg.egg-info/SOURCES.txt'
[0.701s] writing manifest file 'build/mypkg/mypkg.egg-info/SOURCES.txt'
[0.702s] running build
[0.702s] running build_py
[0.702s] creating /root/ros2_ws/src/mypkg/build/mypkg/build
[0.702s] creating /root/ros2_ws/src/mypkg/build/mypkg/build/lib
[0.702s] creating /root/ros2_ws/src/mypkg/build/mypkg/build/lib/mypkg
[0.702s] copying mypkg/__init__.py -> /root/ros2_ws/src/mypkg/build/mypkg/build/lib/mypkg
[0.702s] running install
[0.703s] /usr/lib/python3/dist-packages/setuptools/command/install.py:34: SetuptoolsDeprecationWarning: setup.py install is deprecated. Use build and pip and other standards-based tools.
[0.703s]   warnings.warn(
[0.703s] running install_lib
[0.703s] creating /root/ros2_ws/src/mypkg/install/mypkg/lib/python3.10/site-packages/mypkg
[0.704s] copying /root/ros2_ws/src/mypkg/build/mypkg/build/lib/mypkg/__init__.py -> /root/ros2_ws/src/mypkg/install/mypkg/lib/python3.10/site-packages/mypkg
[0.704s] byte-compiling /root/ros2_ws/src/mypkg/install/mypkg/lib/python3.10/site-packages/mypkg/__init__.py to __init__.cpython-310.pyc
[0.704s] running install_data
[0.705s] creating /root/ros2_ws/src/mypkg/install/mypkg/share/ament_index
[0.705s] creating /root/ros2_ws/src/mypkg/install/mypkg/share/ament_index/resource_index
[0.705s] creating /root/ros2_ws/src/mypkg/install/mypkg/share/ament_index/resource_index/packages
[0.705s] copying resource/mypkg -> /root/ros2_ws/src/mypkg/install/mypkg/share/ament_index/resource_index/packages
[0.705s] copying package.xml -> /root/ros2_ws/src/mypkg/install/mypkg/share/mypkg
[0.706s] running install_egg_info
[0.707s] Copying build/mypkg/mypkg.egg-info to /root/ros2_ws/src/mypkg/install/mypkg/lib/python3.10/site-packages/mypkg-0.0.0-py3.10.egg-info
[0.708s] running install_scripts
[0.722s] writing list of installed files to '/root/ros2_ws/src/mypkg/build/mypkg/install.log'
[0.740s] Invoked command in '/root/ros2_ws/src/mypkg' returned '0': PYTHONPATH=/root/ros2_ws/src/mypkg/install/mypkg/lib/python3.10/site-packages:${PYTHONPATH} /usr/bin/python3 setup.py egg_info --egg-base build/mypkg build --build-base /root/ros2_ws/src/mypkg/build/mypkg/build install --prefix /root/ros2_ws/src/mypkg/install/mypkg --record /root/ros2_ws/src/mypkg/build/mypkg/install.log --single-version-externally-managed
