[0.342s] Invoking command in '/root/ros2_ws/src/mypkg': PYTHONPATH=/root/ros2_ws/src/mypkg/install/mypkg/lib/python3.10/site-packages:${PYTHONPATH} /usr/bin/python3 setup.py egg_info --egg-base build/mypkg build --build-base /root/ros2_ws/src/mypkg/build/mypkg/build install --prefix /root/ros2_ws/src/mypkg/install/mypkg --record /root/ros2_ws/src/mypkg/build/mypkg/install.log --single-version-externally-managed
[0.474s] running egg_info
[0.474s] writing build/mypkg/mypkg.egg-info/PKG-INFO
[0.475s] writing dependency_links to build/mypkg/mypkg.egg-info/dependency_links.txt
[0.475s] writing entry points to build/mypkg/mypkg.egg-info/entry_points.txt
[0.475s] writing requirements to build/mypkg/mypkg.egg-info/requires.txt
[0.475s] writing top-level names to build/mypkg/mypkg.egg-info/top_level.txt
[0.476s] reading manifest file 'build/mypkg/mypkg.egg-info/SOURCES.txt'
[0.477s] writing manifest file 'build/mypkg/mypkg.egg-info/SOURCES.txt'
[0.477s] running build
[0.477s] running build_py
[0.479s] copying mypkg/talker.py -> /root/ros2_ws/src/mypkg/build/mypkg/build/lib/mypkg
[0.479s] copying mypkg/listener.py -> /root/ros2_ws/src/mypkg/build/mypkg/build/lib/mypkg
[0.479s] running install
[0.479s] /usr/lib/python3/dist-packages/setuptools/command/install.py:34: SetuptoolsDeprecationWarning: setup.py install is deprecated. Use build and pip and other standards-based tools.
[0.479s]   warnings.warn(
[0.480s] running install_lib
[0.480s] copying /root/ros2_ws/src/mypkg/build/mypkg/build/lib/mypkg/talker.py -> /root/ros2_ws/src/mypkg/install/mypkg/lib/python3.10/site-packages/mypkg
[0.480s] copying /root/ros2_ws/src/mypkg/build/mypkg/build/lib/mypkg/listener.py -> /root/ros2_ws/src/mypkg/install/mypkg/lib/python3.10/site-packages/mypkg
[0.481s] byte-compiling /root/ros2_ws/src/mypkg/install/mypkg/lib/python3.10/site-packages/mypkg/talker.py to talker.cpython-310.pyc
[0.481s] byte-compiling /root/ros2_ws/src/mypkg/install/mypkg/lib/python3.10/site-packages/mypkg/listener.py to listener.cpython-310.pyc
[0.482s] running install_data
[0.483s] copying package.xml -> /root/ros2_ws/src/mypkg/install/mypkg/share/mypkg
[0.483s] running install_egg_info
[0.484s] removing '/root/ros2_ws/src/mypkg/install/mypkg/lib/python3.10/site-packages/mypkg-0.0.0-py3.10.egg-info' (and everything under it)
[0.485s] Copying build/mypkg/mypkg.egg-info to /root/ros2_ws/src/mypkg/install/mypkg/lib/python3.10/site-packages/mypkg-0.0.0-py3.10.egg-info
[0.486s] running install_scripts
[0.498s] Installing listener script to /root/ros2_ws/src/mypkg/install/mypkg/lib/mypkg
[0.498s] Installing talker script to /root/ros2_ws/src/mypkg/install/mypkg/lib/mypkg
[0.498s] writing list of installed files to '/root/ros2_ws/src/mypkg/build/mypkg/install.log'
[0.516s] Invoked command in '/root/ros2_ws/src/mypkg' returned '0': PYTHONPATH=/root/ros2_ws/src/mypkg/install/mypkg/lib/python3.10/site-packages:${PYTHONPATH} /usr/bin/python3 setup.py egg_info --egg-base build/mypkg build --build-base /root/ros2_ws/src/mypkg/build/mypkg/build install --prefix /root/ros2_ws/src/mypkg/install/mypkg --record /root/ros2_ws/src/mypkg/build/mypkg/install.log --single-version-externally-managed
